[2023-03-16] Manually updated 300125061192640 surfacing time from 12 to 7
[2023-03-22] Updated 300125061378340 surfacing time from 12 to 7
[2023-04-18] Randomize start times of all floats except 300125061378340 (already updated) to kickstart auto updates
[2023-05-02] Randomize start times of all floats to kickstart auto updates - second attempt (using remote folder)
[2023-05-02] Randomize start times of all floats to kickstart auto updates - second attempt (using remote folder)
[2023-05-02] Randomize start times of all floats to kickstart auto updates - second attempt (using remote folder)
[2023-05-02] Randomize start times of all floats to kickstart auto updates - second attempt (using remote folder)
[2023-05-02] Randomize start times of all floats to kickstart auto updates - second attempt (using remote folder)
[2023-05-02] Randomize start times of all floats to kickstart auto updates - second attempt (using remote folder)
[2023-05-02] Randomize start times of all floats to kickstart auto updates - second attempt (using remote folder)
[2023-05-02] Updated 300125061378340 surfacing time from 7 to 2
[2023-05-03] Updated 300125061378340 surfacing time from 7 to 2
[2023-05-05] Updated 300125061360970 surfacing time from 12 to 7
[2023-05-05] Updated 300125061372350 surfacing time from 12 to 7
[2023-05-06] Updated 300125061360970 surfacing time from 12 to 7
[2023-05-06] Updated 300125061372350 surfacing time from 12 to 7
[2023-05-07] Updated 300125061075760 surfacing time from 22 to 17
[2023-05-08] Updated 300125061075760 surfacing time from 17 to 12
[2023-05-08] Updated 300125061192640 surfacing time from 12 to 7
[2023-05-08] Updated 300125061370300 surfacing time from 12 to 7
[2023-05-08] Updated 300125061075760 surfacing time from 17 to 12
[2023-05-17] Updated 300125061192640 surfacing time from 7 to 2
[2023-05-17] Updated 300125061370300 surfacing time from 7 to 2
[2023-05-09] Updated 300125061075760 surfacing time from 12 to 7
[2023-05-10] Updated 300125061070720 surfacing time from 23 to 18
[2023-05-10] Updated 300125061075760 surfacing time from 7 to 2
[2023-05-11] Updated 300125061070720 surfacing time from 18 to 13
[2023-05-11] Updated 300125061075760 surfacing time from 2 to 21
[2023-05-11] Updated 300125061656740 surfacing time from 12 to 7
[2023-05-12] Updated 300125061070720 surfacing time from 13 to 8
[2023-05-12] Updated 300125061075760 surfacing time from 21 to 16
[2023-05-12] Updated 300125061378340 surfacing time from 2 to 21
[2023-05-13] Updated 300125061070720 surfacing time from 8 to 3
[2023-05-14] Updated 300125061070720 surfacing time from 3 to 22
[2023-05-14] Updated 300125061075760 surfacing time from 16 to 11
[2023-05-15] Updated 300125061070720 surfacing time from 22 to 17
[2023-05-15] Updated 300125061075760 surfacing time from 11 to 6
[2023-05-15] Updated 300125061360970 surfacing time from 7 to 2
[2023-05-15] Updated 300125061372350 surfacing time from 7 to 2
[2023-05-16] Updated 300125061070720 surfacing time from 22 to 17
[2023-05-16] Updated 300125061075760 surfacing time from 6 to 1
[2023-05-17] Updated 300125061070720 surfacing time from 17 to 12
[2023-05-17] Updated 300125061075760 surfacing time from 1 to 20
[2023-05-18] Updated 300125061192640 surfacing time from 7 to 2
[2023-05-18] Updated 300125061370300 surfacing time from 7 to 2
[2023-05-19] Updated 300125061070720 surfacing time from 17 to 12
[2023-05-20] Updated 300125061070720 surfacing time from 12 to 7
[2023-05-21] Updated 300125061070720 surfacing time from 7 to 2
[2023-05-21] Updated 300125061075760 surfacing time from 1 to 20
[2023-05-21] Updated 300125061378340 surfacing time from 21 to 16
[2023-05-21] Updated 300125061656740 surfacing time from 7 to 2
[2023-05-22] Updated 300125061070720 surfacing time from 2 to 21
[2023-05-22] Updated 300125061075760 surfacing time from 20 to 15
[2023-05-23] Updated 300125061070720 surfacing time from 21 to 16
[2023-05-25] Updated 300125061372350 surfacing time from 2 to 21
[2023-05-25] Updated 300125061360970 surfacing time from 2 to 21
[2023-05-26] No floats to be updated today
[2023-05-27] No floats to be updated today
[2023-05-28] Updated 300125061192640 surfacing time from 2 to 21
[2023-05-28] Updated 300125061370300 surfacing time from 2 to 21
[2023-05-29] No floats to be updated today
[2023-05-30] No floats to be updated today
[2023-05-31] Updated 300125061656740 surfacing time from 2 to 21
[2023-06-01] Updated 300125061378340 surfacing time from 16 to 11
[2023-06-02] No floats to be updated today
[2023-06-03] Updated 300125061372350 surfacing time from 21 to 16
[2023-06-03] Updated 300125061360970 surfacing time from 21 to 16
[2023-06-04] No floats to be updated today
[2023-06-05] No floats to be updated today
[2023-06-06] Updated 300125061192640 surfacing time from 21 to 16
[2023-06-06] Updated 300125061370300 surfacing time from 21 to 16
[2023-06-07] No floats to be updated today
[2023-06-08] No floats to be updated today
[2023-06-09] Updated 300125061656740 surfacing time from 21 to 16
[2023-06-10] No floats to be updated today
[2023-06-11] Updated 300125061378340 surfacing time from 11 to 6
[2023-06-12] No floats to be updated today
[2023-06-13] No floats to be updated today
[2023-06-14] Updated 300125061360970 surfacing time from 16 to 11
[2023-06-14] Updated 300125061372350 surfacing time from 16 to 11
[2023-06-15] No floats to be updated today
[2023-06-16] No floats to be updated today
[2023-06-17] Updated 300125061370300 surfacing time from 16 to 11
[2023-06-17] Updated 300125061192640 surfacing time from 16 to 11
[2023-06-18] No floats to be updated today
[2023-06-19] No floats to be updated today
[2023-06-20] Updated 300125061656740 surfacing time from 16 to 11
[2023-06-21] Updated 300125061378340 surfacing time from 6 to 1
[2023-06-22] No floats to be updated today
[2023-06-23] No floats to be updated today
[2023-06-24] Updated 300125061372350 surfacing time from 11 to 6
[2023-06-24] Updated 300125061360970 surfacing time from 11 to 6
[2023-06-25] No floats to be updated today
[2023-06-26] No floats to be updated today
[2023-06-27] Updated 300125061192640 surfacing time from 11 to 6
[2023-06-27] Updated 300125061370300 surfacing time from 11 to 6
[2023-06-28] No floats to be updated today
[2023-06-29] No floats to be updated today
[2023-06-30] Updated 300125061656740 surfacing time from 11 to 6
[2023-07-01] Updated 300125061378340 surfacing time from 1 to 20
[2023-07-02] No floats to be updated today
[2023-07-03] No floats to be updated today
[2023-07-04] Updated 300125061360970 surfacing time from 6 to 1
[2023-07-04] Updated 300125061372350 surfacing time from 6 to 1
[2023-07-05] No floats to be updated today
[2023-07-06] No floats to be updated today
[2023-07-07] Updated 300125061370300 surfacing time from 6 to 1
[2023-07-07] Updated 300125061192640 surfacing time from 6 to 1
[2023-07-08] No floats to be updated today
[2023-07-09] No floats to be updated today
[2023-07-10] Updated 300125061656740 surfacing time from 6 to 1
[2023-07-10] Updated 300125061378340 surfacing time from 20 to 15
[2023-07-11] No floats to be updated today
[2023-07-12] No floats to be updated today
[2023-07-13] No floats to be updated today
[2023-07-14] Updated 300125061360970 surfacing time from 1 to 20
[2023-07-14] Updated 300125061372350 surfacing time from 1 to 20
[2023-07-15] No floats to be updated today
[2023-07-16] No floats to be updated today
[2023-07-17] Updated 300125061370300 surfacing time from 1 to 20
[2023-07-17] Updated 300125061192640 surfacing time from 1 to 20
[2023-07-18] No floats to be updated today
[2023-07-19] No floats to be updated today
[2023-07-20] Updated 300125061656740 surfacing time from 1 to 20
[2023-07-21] Updated 300125061378340 surfacing time from 15 to 10
[2023-07-22] Updated 300125061075760 surfacing time from 12 to 7
[2023-07-22] Updated 300125061070720 surfacing time from 12 to 7
[2023-07-23] Updated 300125061372350 surfacing time from 20 to 15
[2023-07-23] Updated 300125061360970 surfacing time from 20 to 15
[2023-07-24] No floats to be updated today
[2023-07-25] No floats to be updated today
[2023-07-26] Updated 300125061370300 surfacing time from 20 to 15
[2023-07-26] Updated 300125061192640 surfacing time from 20 to 15
[2023-07-27] No floats to be updated today
[2023-07-28] No floats to be updated today
[2023-07-29] Updated 300125061656740 surfacing time from 20 to 15
[2023-07-30] No floats to be updated today
[2023-07-31] Updated 300125061378340 surfacing time from 10 to 5
[2023-08-01] Updated 300125061075760 surfacing time from 7 to 2
[2023-08-01] Updated 300125061070720 surfacing time from 7 to 2
[2023-08-02] No floats to be updated today
[2023-08-03] Updated 300125061372350 surfacing time from 15 to 10
[2023-08-03] Updated 300125061360970 surfacing time from 15 to 10
[2023-08-04] No floats to be updated today
[2023-08-05] No floats to be updated today
[2023-08-06] Updated 300125061192640 surfacing time from 15 to 10
[2023-08-06] Updated 300125061370300 surfacing time from 15 to 10
[2023-08-07] No floats to be updated today
[2023-08-08] No floats to be updated today
[2023-08-09] Updated 300125061656740 surfacing time from 15 to 10
[2023-08-10] Updated 300125061378340 surfacing time from 5 to 0
[2023-08-11] Updated 300125061070720 surfacing time from 2 to 21
[2023-08-11] Updated 300125061075760 surfacing time from 2 to 21
[2023-08-12] No floats to be updated today
[2023-08-13] Updated 300125061360970 surfacing time from 10 to 5
[2023-08-13] Updated 300125061372350 surfacing time from 10 to 5
[2023-08-14] No floats to be updated today
[2023-08-15] No floats to be updated today
[2023-08-16] Updated 300125061192640 surfacing time from 10 to 5
[2023-08-16] Updated 300125061370300 surfacing time from 10 to 5
[2023-08-17] No floats to be updated today
[2023-08-18] No floats to be updated today
[2023-08-19] Updated 300125061656740 surfacing time from 10 to 5
[2023-08-19] Updated 300125061378340 surfacing time from 0 to 19
[2023-08-20] Updated 300125061378340 surfacing time from 19 to 14
[2023-08-20] Updated 300125061070720 surfacing time from 21 to 16
[2023-08-20] Updated 300125061075760 surfacing time from 21 to 16
[2023-08-21] No floats to be updated today
[2023-08-22] No floats to be updated today
[2023-08-22] Added commands to stop descent sampling, monitor over next 10 days
[2023-08-23] Updated 300125061360970 surfacing time from 5 to 0
[2023-08-23] Updated 300125061372350 surfacing time from 5 to 0
[2023-08-24] No floats to be updated today
[2023-08-25] No floats to be updated today
[2023-08-26] Updated 300125061370300 surfacing time from 5 to 0
[2023-08-26] Updated 300125061192640 surfacing time from 5 to 0
[2023-08-27] No floats to be updated today
[2023-08-28] No floats to be updated today
[2023-08-29] Updated 300125061378340 surfacing time from 14 to 9
[2023-08-29] Updated 300125061656740 surfacing time from 5 to 0
[2023-08-30] No floats to be updated today
[2023-08-31] Updated 300125061070720 surfacing time from 16 to 11
[2023-08-31] Updated 300125061075760 surfacing time from 16 to 11
[2023-09-01] Updated 300125061372350 surfacing time from 0 to 19
[2023-09-01] Updated 300125061360970 surfacing time from 0 to 19
[2023-09-02] Updated 300125061372350 surfacing time from 0 to 19
[2023-09-02] Updated 300125061360970 surfacing time from 0 to 19
[2023-09-03] No floats to be updated today
[2023-09-04] Updated 300125061370300 surfacing time from 0 to 19
[2023-09-04] Updated 300125061192640 surfacing time from 0 to 19
[2023-09-05] Updated 300125061370300 surfacing time from 0 to 19
[2023-09-05] Updated 300125061192640 surfacing time from 0 to 19